<?xml version="1.0" encoding="UTF-8"?>
<!-- Generated by org.testng.reporters.JUnitReportReporter -->
<testsuite hostname="Tulasikumar" failures="0" tests="1" name="tests.LoginPageTest" time="20.338" errors="0" timestamp="2023-08-01T15:42:47 IST" skipped="0">
  <testcase classname="tests.LoginPageTest" name="logins" time="20.338"/>
  <system-out/>
</testsuite> <!-- tests.LoginPageTest -->
