<?xml version="1.0" encoding="UTF-8"?>
<!-- Generated by org.testng.reporters.JUnitReportReporter -->
<testsuite hostname="Tulasikumar" failures="0" tests="1" name="tests.SearchPageTest" time="29.846" errors="0" timestamp="2023-08-01T16:14:03 IST" skipped="0">
  <testcase classname="tests.SearchPageTest" name="seareee" time="29.846"/>
  <system-out/>
</testsuite> <!-- tests.SearchPageTest -->
